TN:
SF:src/server.ts
FN:1,(empty-report)
FNF:1
FNH:0
FNDA:0,(empty-report)
DA:1,0
LF:1
LH:0
BRDA:1,0,0,0
BRF:1
BRH:0
end_of_record
TN:
SF:src/core/domain/Entity.ts
FN:7,Entity
FN:12,equals
FNF:2
FNH:1
FNDA:1,Entity
FNDA:0,equals
DA:1,1
DA:2,1
DA:3,1
DA:4,1
DA:5,1
DA:6,1
DA:7,1
DA:8,1
DA:9,1
DA:10,1
DA:11,1
DA:12,1
DA:13,0
DA:14,0
DA:15,0
DA:16,0
DA:17,0
DA:18,0
DA:19,0
DA:20,0
DA:21,0
DA:22,0
DA:23,0
DA:24,0
DA:25,0
DA:26,0
DA:27,1
LF:27
LH:13
BRDA:7,0,0,1
BRF:1
BRH:1
end_of_record
TN:
SF:src/core/logic/Either.ts
FN:4,get
FN:5,get
FN:9,left
FN:11,right
FNF:4
FNH:1
FNDA:0,get
FNDA:0,get
FNDA:0,left
FNDA:3,right
DA:1,1
DA:2,1
DA:3,1
DA:4,1
DA:5,1
DA:6,1
DA:7,1
DA:8,1
DA:9,1
DA:10,1
DA:11,1
LF:11
LH:11
BRDA:11,0,0,3
BRF:1
BRH:1
end_of_record
TN:
SF:src/core/logic/Left.ts
FN:6,Left
FN:10,isLeft
FN:14,isRight
FNF:3
FNH:0
FNDA:0,Left
FNDA:0,isLeft
FNDA:0,isRight
DA:1,1
DA:2,1
DA:3,1
DA:4,1
DA:5,1
DA:6,1
DA:7,0
DA:8,0
DA:9,1
DA:10,1
DA:11,0
DA:12,0
DA:13,1
DA:14,1
DA:15,0
DA:16,0
DA:17,1
LF:17
LH:11
BRF:0
BRH:0
end_of_record
TN:
SF:src/core/logic/Right.ts
FN:6,Right
FN:10,isLeft
FN:14,isRight
FNF:3
FNH:2
FNDA:3,Right
FNDA:3,isLeft
FNDA:0,isRight
DA:1,1
DA:2,1
DA:3,1
DA:4,1
DA:5,1
DA:6,1
DA:7,3
DA:8,3
DA:9,1
DA:10,1
DA:11,3
DA:12,3
DA:13,1
DA:14,1
DA:15,0
DA:16,0
DA:17,1
LF:17
LH:15
BRDA:6,0,0,3
BRDA:10,1,0,3
BRF:2
BRH:2
end_of_record
TN:
SF:src/modules/User/Domain/Email.ts
FN:11,Email
FN:7,get value
FN:15,validate
FN:29,format
FN:33,create
FNF:5
FNH:5
FNDA:1,Email
FNDA:1,get value
FNDA:1,validate
FNDA:1,format
FNDA:1,create
DA:1,1
DA:2,1
DA:3,1
DA:4,1
DA:5,1
DA:6,1
DA:7,1
DA:8,1
DA:9,1
DA:10,1
DA:11,1
DA:12,1
DA:13,1
DA:14,1
DA:15,1
DA:16,1
DA:17,0
DA:18,0
DA:19,1
DA:20,1
DA:21,1
DA:22,1
DA:23,0
DA:24,0
DA:25,1
DA:26,1
DA:27,1
DA:28,1
DA:29,1
DA:30,1
DA:31,1
DA:32,1
DA:33,1
DA:34,1
DA:35,0
DA:36,0
DA:37,1
DA:38,1
DA:39,1
DA:40,1
DA:41,1
DA:42,1
LF:42
LH:36
BRDA:11,0,0,1
BRDA:7,1,0,1
BRDA:15,2,0,1
BRDA:16,3,0,0
BRDA:22,4,0,0
BRDA:29,5,0,1
BRDA:33,6,0,1
BRDA:34,7,0,0
BRF:8
BRH:5
end_of_record
TN:
SF:src/modules/User/Domain/IUser.ts
FN:1,(empty-report)
FNF:1
FNH:0
FNDA:0,(empty-report)
DA:1,0
DA:2,0
DA:3,0
DA:4,0
DA:5,0
DA:6,0
DA:7,0
DA:8,0
LF:8
LH:0
BRDA:1,0,0,0
BRF:1
BRH:0
end_of_record
TN:
SF:src/modules/User/Domain/Password.ts
FN:9,Password
FN:14,validate
FN:26,getHashedValue
FN:34,comparePassword
FN:46,create
FNF:5
FNH:3
FNDA:1,Password
FNDA:1,validate
FNDA:0,getHashedValue
FNDA:0,comparePassword
FNDA:1,create
DA:1,1
DA:2,1
DA:3,1
DA:4,1
DA:5,1
DA:6,1
DA:7,1
DA:8,1
DA:9,1
DA:10,1
DA:11,1
DA:12,1
DA:13,1
DA:14,1
DA:15,1
DA:16,1
DA:17,1
DA:18,1
DA:19,1
DA:20,0
DA:21,0
DA:22,1
DA:23,1
DA:24,1
DA:25,1
DA:26,1
DA:27,0
DA:28,0
DA:29,0
DA:30,0
DA:31,0
DA:32,0
DA:33,1
DA:34,1
DA:35,0
DA:36,0
DA:37,0
DA:38,0
DA:39,0
DA:40,0
DA:41,0
DA:42,0
DA:43,0
DA:44,0
DA:45,1
DA:46,1
DA:47,1
DA:48,1
DA:49,1
DA:50,1
DA:51,0
DA:52,0
DA:53,1
DA:54,1
DA:55,1
DA:56,1
LF:56
LH:36
BRDA:9,0,0,1
BRDA:14,1,0,1
BRDA:19,2,0,0
BRDA:46,3,0,1
BRDA:50,4,0,0
BRF:5
BRH:3
end_of_record
TN:
SF:src/modules/User/Domain/User.ts
FN:8,get uid
FN:12,get username
FN:16,get email
FN:20,User
FN:24,create
FNF:5
FNH:4
FNDA:0,get uid
FNDA:1,get username
FNDA:1,get email
FNDA:1,User
FNDA:1,create
DA:1,1
DA:2,1
DA:3,1
DA:4,1
DA:5,1
DA:6,1
DA:7,1
DA:8,1
DA:9,0
DA:10,0
DA:11,1
DA:12,1
DA:13,1
DA:14,1
DA:15,1
DA:16,1
DA:17,1
DA:18,1
DA:19,1
DA:20,1
DA:21,1
DA:22,1
DA:23,1
DA:24,1
DA:25,1
DA:26,1
DA:27,1
DA:28,1
DA:29,1
DA:30,1
DA:31,1
DA:32,1
LF:32
LH:30
BRDA:12,0,0,1
BRDA:16,1,0,1
BRDA:20,2,0,1
BRDA:24,3,0,1
BRF:4
BRH:4
end_of_record
TN:
SF:src/modules/User/Domain/Errors/InvalidEmailError.ts
FN:4,InvalidEmailError
FNF:1
FNH:0
FNDA:0,InvalidEmailError
DA:1,1
DA:2,1
DA:3,1
DA:4,1
DA:5,0
DA:6,0
DA:7,0
DA:8,1
LF:8
LH:5
BRF:0
BRH:0
end_of_record
TN:
SF:src/modules/User/Domain/Errors/invalidPasswordError.ts
FN:4,InvalidPassword
FNF:1
FNH:0
FNDA:0,InvalidPassword
DA:1,1
DA:2,1
DA:3,1
DA:4,1
DA:5,0
DA:6,0
DA:7,0
DA:8,1
LF:8
LH:5
BRF:0
BRH:0
end_of_record
TN:
SF:src/shared/Error/AppError.ts
FN:1,(empty-report)
FNF:1
FNH:0
FNDA:0,(empty-report)
DA:1,0
DA:2,0
DA:3,0
DA:4,0
DA:5,0
LF:5
LH:0
BRDA:1,0,0,0
BRF:1
BRH:0
end_of_record
TN:
SF:src/shared/Error/CoreError.ts
FN:2,CoreError
FNF:1
FNH:0
FNDA:0,CoreError
DA:1,1
DA:2,1
DA:3,0
DA:4,0
DA:5,1
LF:5
LH:3
BRF:0
BRH:0
end_of_record
TN:
SF:src/shared/Error/Errors.ts
FN:1,(empty-report)
FNF:1
FNH:0
FNDA:0,(empty-report)
DA:1,0
DA:2,0
DA:3,0
DA:4,0
DA:5,0
LF:5
LH:0
BRDA:1,0,0,0
BRF:1
BRH:0
end_of_record
TN:
SF:src/shared/Utils/PassCrypt.ts
FN:3,hashedPassword
FN:7,comparePassword
FNF:2
FNH:0
FNDA:0,hashedPassword
FNDA:0,comparePassword
DA:1,1
DA:2,1
DA:3,0
DA:4,0
DA:5,0
DA:6,1
DA:7,0
DA:8,0
DA:9,0
LF:9
LH:3
BRF:0
BRH:0
end_of_record
TN:
SF:src/shared/Utils/uid.ts
FN:3,uidCreate
FNF:1
FNH:1
FNDA:1,uidCreate
DA:1,1
DA:2,1
DA:3,1
LF:3
LH:3
BRDA:3,0,0,1
BRF:1
BRH:1
end_of_record
